<?xml version="1.0" encoding="UTF-8"?>
<!-- Generated by org.testng.reporters.JUnitXMLReporter -->
<testsuite ignored="0" hostname="LTIN683567" failures="0" tests="6" name="Default test" time="92.562" errors="0" timestamp="2026-05-19T21:31:57 IST">
  <testcase classname="TestCases.CarLoanTestingPage" name="clickCarLoanTest" time="0.582"/>
  <testcase classname="TestCases.CarLoanTestingPage" name="carLoanTest" time="11.935"/>
  <testcase classname="TestCases.CarLoanTestingPage" name="clickAdvance" time="1.333"/>
  <testcase classname="TestCases.CarLoanTestingPage" name="advanceLoan" time="3.802"/>
  <testcase classname="TestCases.CarLoanTestingPage" name="clickArrears" time="1.353"/>
  <testcase classname="TestCases.CarLoanTestingPage" name="arrearLoan" time="3.721"/>
</testsuite> <!-- Default test -->
