<?xml version="1.0" encoding="UTF-8"?>
<!-- Generated by org.testng.reporters.JUnitXMLReporter -->
<testsuite ignored="4" hostname="LTIN683567" failures="0" tests="21" name="ParallelTests" time="45.154" errors="0" timestamp="2026-05-21T11:45:22 IST">
  <testcase classname="TestCases.PersonalLoanTest" name="personalLoanSetUp" time="0.034"/>
  <testcase classname="TestCases.HomePageTest" name="init" time="0.034"/>
  <testcase classname="TestCases.HomePageTest" name="verifyHomePageLoads" time="0.028"/>
  <testcase classname="TestCases.HomePageTest" name="verifyUIElements" time="0.125"/>
  <testcase classname="TestCases.HomePageTest" name="verifyCarLoanTab" time="0.314"/>
  <testcase classname="TestCases.HomePageTest" name="verifyPersonalLoanTab" time="0.207"/>
  <testcase classname="TestCases.HomePageTest" name="verifyChartVisible" time="0.022"/>
  <testcase classname="TestCases.HomePageTest" name="verifyBarChartVisible" time="0.037"/>
  <testcase classname="TestCases.CarLoanTestingPage" name="clickCarLoanTest" time="1.217"/>
  <testcase classname="TestCases.PersonalLoanTest" name="clickPersonalLoanTab" time="2.252"/>
  <testcase classname="TestCases.PersonalLoanTest" name="loanAmount" time="2.433"/>
  <testcase classname="TestCases.PersonalLoanTest" name="interestRate" time="2.342"/>
  <testcase classname="TestCases.PersonalLoanTest" name="loanTenure" time="2.305"/>
  <testcase classname="TestCases.PersonalLoanTest" name="testGetEMIPerMonth" time="0.142"/>
  <testcase classname="TestCases.PersonalLoanTest" name="testGetPrincipalAmountPerMonth" time="0.366"/>
  <testcase classname="TestCases.PersonalLoanTest" name="testGetInterestAmountPerMonth" time="0.968"/>
  <testcase classname="TestCases.CarLoanTestingPage" name="carLoanTest" time="10.646"/>
  <testcase classname="TestCases.CarLoanTestingPage" name="clickAdvance" time="2.116"/>
  <testcase classname="TestCases.CarLoanTestingPage" name="advanceLoan" time="4.425"/>
  <testcase classname="TestCases.CarLoanTestingPage" name="clickArrears" time="2.154"/>
  <testcase classname="TestCases.CarLoanTestingPage" name="arrearLoan" time="3.532"/>
  <testcase classname="TestCases.TestLandingPage" name="@AfterSuite endReport" time="0.0">
    <ignored/>
  </testcase> <!-- @AfterSuite endReport -->
  <testcase classname="TestCases.TestLandingPage" name="@AfterSuite endReport" time="0.0">
    <ignored/>
  </testcase> <!-- @AfterSuite endReport -->
  <testcase classname="TestCases.TestLandingPage" name="@BeforeSuite startReport" time="0.0">
    <ignored/>
  </testcase> <!-- @BeforeSuite startReport -->
  <testcase classname="TestCases.TestLandingPage" name="@BeforeSuite startReport" time="0.0">
    <ignored/>
  </testcase> <!-- @BeforeSuite startReport -->
</testsuite> <!-- ParallelTests -->
