<?xml version="1.0" encoding="UTF-8"?>
<!-- Generated by org.testng.reporters.JUnitXMLReporter -->
<testsuite ignored="4" hostname="LTIN683038" failures="0" tests="21" name="ParallelTests" time="48.423" errors="0" timestamp="2026-05-21T10:38:38 IST">
  <testcase classname="TestCases.PersonalLoanTest" name="personalLoanSetUp" time="0.243"/>
  <testcase classname="TestCases.HomePageTest" name="init" time="0.01"/>
  <testcase classname="TestCases.HomePageTest" name="verifyHomePageLoads" time="0.042"/>
  <testcase classname="TestCases.HomePageTest" name="verifyUIElements" time="0.351"/>
  <testcase classname="TestCases.CarLoanTestingPage" name="clickCarLoanTest" time="1.617"/>
  <testcase classname="TestCases.HomePageTest" name="verifyCarLoanTab" time="0.824"/>
  <testcase classname="TestCases.PersonalLoanTest" name="clickPersonalLoanTab" time="3.354"/>
  <testcase classname="TestCases.HomePageTest" name="verifyPersonalLoanTab" time="0.822"/>
  <testcase classname="TestCases.HomePageTest" name="verifyChartVisible" time="0.136"/>
  <testcase classname="TestCases.HomePageTest" name="verifyBarChartVisible" time="0.121"/>
  <testcase classname="TestCases.PersonalLoanTest" name="loanAmount" time="2.855"/>
  <testcase classname="TestCases.PersonalLoanTest" name="interestRate" time="2.574"/>
  <testcase classname="TestCases.PersonalLoanTest" name="loanTenure" time="2.735"/>
  <testcase classname="TestCases.PersonalLoanTest" name="testGetEMIPerMonth" time="0.23"/>
  <testcase classname="TestCases.PersonalLoanTest" name="testGetPrincipalAmountPerMonth" time="0.886"/>
  <testcase classname="TestCases.CarLoanTestingPage" name="carLoanTest" time="11.411"/>
  <testcase classname="TestCases.CarLoanTestingPage" name="clickAdvance" time="2.233"/>
  <testcase classname="TestCases.PersonalLoanTest" name="testGetInterestAmountPerMonth" time="3.045"/>
  <testcase classname="TestCases.CarLoanTestingPage" name="advanceLoan" time="4.827"/>
  <testcase classname="TestCases.CarLoanTestingPage" name="clickArrears" time="2.248"/>
  <testcase classname="TestCases.CarLoanTestingPage" name="arrearLoan" time="3.889"/>
  <testcase classname="TestCases.TestLandingPage" name="@AfterSuite endReport" time="0.0">
    <ignored/>
  </testcase> <!-- @AfterSuite endReport -->
  <testcase classname="TestCases.TestLandingPage" name="@AfterSuite endReport" time="0.0">
    <ignored/>
  </testcase> <!-- @AfterSuite endReport -->
  <testcase classname="TestCases.TestLandingPage" name="@BeforeSuite startReport" time="0.0">
    <ignored/>
  </testcase> <!-- @BeforeSuite startReport -->
  <testcase classname="TestCases.TestLandingPage" name="@BeforeSuite startReport" time="0.0">
    <ignored/>
  </testcase> <!-- @BeforeSuite startReport -->
</testsuite> <!-- ParallelTests -->
