<?xml version="1.0" encoding="UTF-8"?>
<!-- Generated by org.testng.reporters.JUnitXMLReporter -->
<testsuite ignored="6" hostname="LTIN683038" failures="0" tests="24" name="SequentialTests" time="144.444" errors="0" timestamp="2026-05-26T09:48:52 IST">
  <testcase classname="testCases.HomePageTest" name="verifyHomePageLoads" time="0.096"/>
  <testcase classname="testCases.HomePageTest" name="verifyUIElements" time="0.207"/>
  <testcase classname="testCases.HomePageTest" name="verifyCarLoanTab" time="0.451"/>
  <testcase classname="testCases.HomePageTest" name="verifyPersonalLoanTab" time="0.38"/>
  <testcase classname="testCases.HomePageTest" name="verifyPieChartVisible" time="0.135"/>
  <testcase classname="testCases.HomePageTest" name="verifyBarChartVisible" time="0.058"/>
  <testcase classname="testCases.CarLoanPageTest" name="clickCarLoanTest" time="2.29"/>
  <testcase classname="testCases.CarLoanPageTest" name="carLoanTest" time="7.007"/>
  <testcase classname="testCases.CarLoanPageTest" name="clickAdvance" time="4.197"/>
  <testcase classname="testCases.CarLoanPageTest" name="advanceLoan" time="4.867"/>
  <testcase classname="testCases.CarLoanPageTest" name="clickArrears" time="4.277"/>
  <testcase classname="testCases.CarLoanPageTest" name="arrearLoan" time="4.857"/>
  <testcase classname="testCases.CarLoanPageTest" name="writeCarLoanDataToExcel" time="9.119"/>
  <testcase classname="testCases.PersonalLoanPageTest" name="clickPersonalLoanTab" time="2.31"/>
  <testcase classname="testCases.PersonalLoanPageTest" name="loanDetails" time="7.291"/>
  <testcase classname="testCases.PersonalLoanPageTest" name="testGetEMIPerMonth" time="0.13"/>
  <testcase classname="testCases.PersonalLoanPageTest" name="testGetPrincipalAmountPerMonth" time="0.252"/>
  <testcase classname="testCases.PersonalLoanPageTest" name="testGetInterestAmountPerMonth" time="1.401"/>
  <testcase classname="testCases.PersonalLoanPageTest" name="writePersonalLoanDataToExcel" time="3.233"/>
  <testcase classname="testCases.HomeLoanPageTest" name="loanDetails" time="9.18"/>
  <testcase classname="testCases.HomeLoanPageTest" name="testGetEMIPerMonth" time="0.117"/>
  <testcase classname="testCases.HomeLoanPageTest" name="testGetPrincipalAmountPerMonth" time="0.396"/>
  <testcase classname="testCases.HomeLoanPageTest" name="testGetInterestAmountPerMonth" time="0.096"/>
  <testcase classname="testCases.HomeLoanPageTest" name="writeHomeLoanDataToExcel" time="3.596"/>
  <testcase classname="testCases.TestLandingPage" name="@BeforeSuite startReport" time="0.0">
    <ignored/>
  </testcase> <!-- @BeforeSuite startReport -->
  <testcase classname="testCases.TestLandingPage" name="@BeforeSuite startReport" time="0.0">
    <ignored/>
  </testcase> <!-- @BeforeSuite startReport -->
  <testcase classname="testCases.TestLandingPage" name="@AfterSuite endReport" time="0.0">
    <ignored/>
  </testcase> <!-- @AfterSuite endReport -->
  <testcase classname="testCases.TestLandingPage" name="@BeforeSuite startReport" time="0.0">
    <ignored/>
  </testcase> <!-- @BeforeSuite startReport -->
  <testcase classname="testCases.TestLandingPage" name="@AfterSuite endReport" time="0.0">
    <ignored/>
  </testcase> <!-- @AfterSuite endReport -->
  <testcase classname="testCases.TestLandingPage" name="@AfterSuite endReport" time="0.0">
    <ignored/>
  </testcase> <!-- @AfterSuite endReport -->
</testsuite> <!-- SequentialTests -->
