<?xml version="1.0" encoding="UTF-8"?>
<testng-results ignored="0" total="24" passed="24" failed="0" skipped="0">
  <reporter-output>
  </reporter-output>
  <suite started-at="2026-05-21T15:09:13 IST" name="Suite" finished-at="2026-05-21T15:10:09 IST" duration-ms="55935">
    <groups>
    </groups>
    <test started-at="2026-05-21T15:09:13 IST" name="ParallelTests" finished-at="2026-05-21T15:10:09 IST" duration-ms="55935">
      <class name="testCases.CarLoanPageTest">
        <test-method is-config="true" signature="launchBrowser()[pri:0, instance:testCases.CarLoanPageTest@2cd76f31]" started-at="2026-05-21T15:09:13 IST" name="launchBrowser" finished-at="2026-05-21T15:09:31 IST" duration-ms="17986" status="PASS">
          <reporter-output>
          </reporter-output>
        </test-method> <!-- launchBrowser -->
        <test-method is-config="true" signature="setUp(java.lang.reflect.Method)[pri:0, instance:testCases.CarLoanPageTest@2cd76f31]" started-at="2026-05-21T15:09:31 IST" name="setUp" finished-at="2026-05-21T15:09:31 IST" duration-ms="10" status="PASS">
          <params>
            <param index="0">
              <value>
                <![CDATA[public void testCases.CarLoanPageTest.clickCarLoanTest() throws java.lang.InterruptedException]]>
              </value>
            </param>
          </params>
          <reporter-output>
          </reporter-output>
        </test-method> <!-- setUp -->
        <test-method signature="clickCarLoanTest()[pri:1, instance:testCases.CarLoanPageTest@2cd76f31]" started-at="2026-05-21T15:09:31 IST" name="clickCarLoanTest" finished-at="2026-05-21T15:09:33 IST" duration-ms="1514" status="PASS">
          <reporter-output>
          </reporter-output>
        </test-method> <!-- clickCarLoanTest -->
        <test-method signature="carLoanTest()[pri:2, instance:testCases.CarLoanPageTest@2cd76f31]" started-at="2026-05-21T15:09:33 IST" name="carLoanTest" finished-at="2026-05-21T15:09:44 IST" duration-ms="10975" status="PASS">
          <reporter-output>
          </reporter-output>
        </test-method> <!-- carLoanTest -->
        <test-method is-config="true" signature="getResult(org.testng.ITestResult)[pri:0, instance:testCases.CarLoanPageTest@2cd76f31]" started-at="2026-05-21T15:09:33 IST" name="getResult" finished-at="2026-05-21T15:09:33 IST" duration-ms="0" status="PASS">
          <params>
            <param index="0">
              <value>
                <![CDATA[[TestResult name=clickCarLoanTest status=SUCCESS method=CarLoanPageTest.clickCarLoanTest()[pri:1, instance:testCases.CarLoanPageTest@2cd76f31] output={null}]]]>
              </value>
            </param>
          </params>
          <reporter-output>
          </reporter-output>
        </test-method> <!-- getResult -->
        <test-method is-config="true" signature="setUp(java.lang.reflect.Method)[pri:0, instance:testCases.CarLoanPageTest@2cd76f31]" started-at="2026-05-21T15:09:33 IST" name="setUp" finished-at="2026-05-21T15:09:33 IST" duration-ms="0" status="PASS">
          <params>
            <param index="0">
              <value>
                <![CDATA[public void testCases.CarLoanPageTest.carLoanTest() throws java.lang.InterruptedException]]>
              </value>
            </param>
          </params>
          <reporter-output>
          </reporter-output>
        </test-method> <!-- setUp -->
        <test-method signature="clickAdvance()[pri:3, instance:testCases.CarLoanPageTest@2cd76f31]" started-at="2026-05-21T15:09:44 IST" name="clickAdvance" finished-at="2026-05-21T15:09:46 IST" duration-ms="2229" status="PASS">
          <reporter-output>
          </reporter-output>
        </test-method> <!-- clickAdvance -->
        <test-method is-config="true" signature="getResult(org.testng.ITestResult)[pri:0, instance:testCases.CarLoanPageTest@2cd76f31]" started-at="2026-05-21T15:09:44 IST" name="getResult" finished-at="2026-05-21T15:09:44 IST" duration-ms="0" status="PASS">
          <params>
            <param index="0">
              <value>
                <![CDATA[[TestResult name=carLoanTest status=SUCCESS method=CarLoanPageTest.carLoanTest()[pri:2, instance:testCases.CarLoanPageTest@2cd76f31] output={null}]]]>
              </value>
            </param>
          </params>
          <reporter-output>
          </reporter-output>
        </test-method> <!-- getResult -->
        <test-method is-config="true" signature="setUp(java.lang.reflect.Method)[pri:0, instance:testCases.CarLoanPageTest@2cd76f31]" started-at="2026-05-21T15:09:44 IST" name="setUp" finished-at="2026-05-21T15:09:44 IST" duration-ms="0" status="PASS">
          <params>
            <param index="0">
              <value>
                <![CDATA[public void testCases.CarLoanPageTest.clickAdvance() throws java.lang.InterruptedException]]>
              </value>
            </param>
          </params>
          <reporter-output>
          </reporter-output>
        </test-method> <!-- setUp -->
        <test-method is-config="true" signature="getResult(org.testng.ITestResult)[pri:0, instance:testCases.CarLoanPageTest@2cd76f31]" started-at="2026-05-21T15:09:46 IST" name="getResult" finished-at="2026-05-21T15:09:46 IST" duration-ms="0" status="PASS">
          <params>
            <param index="0">
              <value>
                <![CDATA[[TestResult name=clickAdvance status=SUCCESS method=CarLoanPageTest.clickAdvance()[pri:3, instance:testCases.CarLoanPageTest@2cd76f31] output={null}]]]>
              </value>
            </param>
          </params>
          <reporter-output>
          </reporter-output>
        </test-method> <!-- getResult -->
        <test-method signature="advanceLoan()[pri:4, instance:testCases.CarLoanPageTest@2cd76f31]" started-at="2026-05-21T15:09:46 IST" name="advanceLoan" finished-at="2026-05-21T15:09:52 IST" duration-ms="5447" status="PASS">
          <reporter-output>
          </reporter-output>
        </test-method> <!-- advanceLoan -->
        <test-method is-config="true" signature="setUp(java.lang.reflect.Method)[pri:0, instance:testCases.CarLoanPageTest@2cd76f31]" started-at="2026-05-21T15:09:46 IST" name="setUp" finished-at="2026-05-21T15:09:46 IST" duration-ms="0" status="PASS">
          <params>
            <param index="0">
              <value>
                <![CDATA[public void testCases.CarLoanPageTest.advanceLoan() throws java.lang.InterruptedException]]>
              </value>
            </param>
          </params>
          <reporter-output>
          </reporter-output>
        </test-method> <!-- setUp -->
        <test-method signature="clickArrears()[pri:5, instance:testCases.CarLoanPageTest@2cd76f31]" started-at="2026-05-21T15:09:52 IST" name="clickArrears" finished-at="2026-05-21T15:09:54 IST" duration-ms="2307" status="PASS">
          <reporter-output>
          </reporter-output>
        </test-method> <!-- clickArrears -->
        <test-method is-config="true" signature="getResult(org.testng.ITestResult)[pri:0, instance:testCases.CarLoanPageTest@2cd76f31]" started-at="2026-05-21T15:09:52 IST" name="getResult" finished-at="2026-05-21T15:09:52 IST" duration-ms="0" status="PASS">
          <params>
            <param index="0">
              <value>
                <![CDATA[[TestResult name=advanceLoan status=SUCCESS method=CarLoanPageTest.advanceLoan()[pri:4, instance:testCases.CarLoanPageTest@2cd76f31] output={null}]]]>
              </value>
            </param>
          </params>
          <reporter-output>
          </reporter-output>
        </test-method> <!-- getResult -->
        <test-method is-config="true" signature="setUp(java.lang.reflect.Method)[pri:0, instance:testCases.CarLoanPageTest@2cd76f31]" started-at="2026-05-21T15:09:52 IST" name="setUp" finished-at="2026-05-21T15:09:52 IST" duration-ms="0" status="PASS">
          <params>
            <param index="0">
              <value>
                <![CDATA[public void testCases.CarLoanPageTest.clickArrears() throws java.lang.InterruptedException]]>
              </value>
            </param>
          </params>
          <reporter-output>
          </reporter-output>
        </test-method> <!-- setUp -->
        <test-method is-config="true" signature="getResult(org.testng.ITestResult)[pri:0, instance:testCases.CarLoanPageTest@2cd76f31]" started-at="2026-05-21T15:09:54 IST" name="getResult" finished-at="2026-05-21T15:09:54 IST" duration-ms="16" status="PASS">
          <params>
            <param index="0">
              <value>
                <![CDATA[[TestResult name=clickArrears status=SUCCESS method=CarLoanPageTest.clickArrears()[pri:5, instance:testCases.CarLoanPageTest@2cd76f31] output={null}]]]>
              </value>
            </param>
          </params>
          <reporter-output>
          </reporter-output>
        </test-method> <!-- getResult -->
        <test-method signature="arrearLoan()[pri:6, instance:testCases.CarLoanPageTest@2cd76f31]" started-at="2026-05-21T15:09:54 IST" name="arrearLoan" finished-at="2026-05-21T15:09:58 IST" duration-ms="3875" status="PASS">
          <reporter-output>
          </reporter-output>
        </test-method> <!-- arrearLoan -->
        <test-method is-config="true" signature="setUp(java.lang.reflect.Method)[pri:0, instance:testCases.CarLoanPageTest@2cd76f31]" started-at="2026-05-21T15:09:54 IST" name="setUp" finished-at="2026-05-21T15:09:54 IST" duration-ms="0" status="PASS">
          <params>
            <param index="0">
              <value>
                <![CDATA[public void testCases.CarLoanPageTest.arrearLoan() throws java.lang.InterruptedException]]>
              </value>
            </param>
          </params>
          <reporter-output>
          </reporter-output>
        </test-method> <!-- setUp -->
        <test-method signature="writeCarLoanDataToExcel()[pri:7, instance:testCases.CarLoanPageTest@2cd76f31]" started-at="2026-05-21T15:09:58 IST" name="writeCarLoanDataToExcel" finished-at="2026-05-21T15:10:03 IST" duration-ms="4837" status="PASS">
          <reporter-output>
          </reporter-output>
        </test-method> <!-- writeCarLoanDataToExcel -->
        <test-method is-config="true" signature="setUp(java.lang.reflect.Method)[pri:0, instance:testCases.CarLoanPageTest@2cd76f31]" started-at="2026-05-21T15:09:58 IST" name="setUp" finished-at="2026-05-21T15:09:58 IST" duration-ms="0" status="PASS">
          <params>
            <param index="0">
              <value>
                <![CDATA[public void testCases.CarLoanPageTest.writeCarLoanDataToExcel() throws java.lang.Exception]]>
              </value>
            </param>
          </params>
          <reporter-output>
          </reporter-output>
        </test-method> <!-- setUp -->
        <test-method is-config="true" signature="getResult(org.testng.ITestResult)[pri:0, instance:testCases.CarLoanPageTest@2cd76f31]" started-at="2026-05-21T15:09:58 IST" name="getResult" finished-at="2026-05-21T15:09:58 IST" duration-ms="0" status="PASS">
          <params>
            <param index="0">
              <value>
                <![CDATA[[TestResult name=arrearLoan status=SUCCESS method=CarLoanPageTest.arrearLoan()[pri:6, instance:testCases.CarLoanPageTest@2cd76f31] output={null}]]]>
              </value>
            </param>
          </params>
          <reporter-output>
          </reporter-output>
        </test-method> <!-- getResult -->
        <test-method is-config="true" signature="getResult(org.testng.ITestResult)[pri:0, instance:testCases.CarLoanPageTest@2cd76f31]" started-at="2026-05-21T15:10:03 IST" name="getResult" finished-at="2026-05-21T15:10:03 IST" duration-ms="0" status="PASS">
          <params>
            <param index="0">
              <value>
                <![CDATA[[TestResult name=writeCarLoanDataToExcel status=SUCCESS method=CarLoanPageTest.writeCarLoanDataToExcel()[pri:7, instance:testCases.CarLoanPageTest@2cd76f31] output={null}]]]>
              </value>
            </param>
          </params>
          <reporter-output>
          </reporter-output>
        </test-method> <!-- getResult -->
        <test-method is-config="true" signature="quitBrowser()[pri:0, instance:testCases.CarLoanPageTest@2cd76f31]" started-at="2026-05-21T15:10:03 IST" name="quitBrowser" finished-at="2026-05-21T15:10:09 IST" duration-ms="6694" status="PASS">
          <reporter-output>
          </reporter-output>
        </test-method> <!-- quitBrowser -->
      </class> <!-- testCases.CarLoanPageTest -->
      <class name="testCases.HomeLoanPageTest">
        <test-method is-config="true" signature="launchBrowser()[pri:0, instance:testCases.HomeLoanPageTest@49438269]" started-at="2026-05-21T15:09:13 IST" name="launchBrowser" finished-at="2026-05-21T15:09:23 IST" duration-ms="9412" status="PASS">
          <reporter-output>
          </reporter-output>
        </test-method> <!-- launchBrowser -->
        <test-method is-config="true" signature="homeSetUp(java.lang.reflect.Method)[pri:0, instance:testCases.HomeLoanPageTest@49438269]" started-at="2026-05-21T15:09:23 IST" name="homeSetUp" finished-at="2026-05-21T15:09:24 IST" duration-ms="1415" status="PASS">
          <params>
            <param index="0">
              <value>
                <![CDATA[public void testCases.HomeLoanPageTest.loanDetails() throws java.lang.InterruptedException]]>
              </value>
            </param>
          </params>
          <reporter-output>
          </reporter-output>
        </test-method> <!-- homeSetUp -->
        <test-method signature="loanDetails()[pri:1, instance:testCases.HomeLoanPageTest@49438269]" started-at="2026-05-21T15:09:24 IST" name="loanDetails" finished-at="2026-05-21T15:09:43 IST" duration-ms="18603" status="PASS">
          <reporter-output>
          </reporter-output>
        </test-method> <!-- loanDetails -->
        <test-method is-config="true" signature="getResult(org.testng.ITestResult)[pri:0, instance:testCases.HomeLoanPageTest@49438269]" started-at="2026-05-21T15:09:43 IST" name="getResult" finished-at="2026-05-21T15:09:43 IST" duration-ms="0" status="PASS">
          <params>
            <param index="0">
              <value>
                <![CDATA[[TestResult name=loanDetails status=SUCCESS method=HomeLoanPageTest.loanDetails()[pri:1, instance:testCases.HomeLoanPageTest@49438269] output={null}]]]>
              </value>
            </param>
          </params>
          <reporter-output>
          </reporter-output>
        </test-method> <!-- getResult -->
        <test-method is-config="true" signature="homeSetUp(java.lang.reflect.Method)[pri:0, instance:testCases.HomeLoanPageTest@49438269]" started-at="2026-05-21T15:09:43 IST" name="homeSetUp" finished-at="2026-05-21T15:09:44 IST" duration-ms="1017" status="PASS">
          <params>
            <param index="0">
              <value>
                <![CDATA[public void testCases.HomeLoanPageTest.testGetEMIPerMonth()]]>
              </value>
            </param>
          </params>
          <reporter-output>
          </reporter-output>
        </test-method> <!-- homeSetUp -->
        <test-method signature="testGetEMIPerMonth()[pri:2, instance:testCases.HomeLoanPageTest@49438269]" started-at="2026-05-21T15:09:44 IST" name="testGetEMIPerMonth" finished-at="2026-05-21T15:09:44 IST" duration-ms="105" status="PASS">
          <reporter-output>
          </reporter-output>
        </test-method> <!-- testGetEMIPerMonth -->
        <test-method is-config="true" signature="getResult(org.testng.ITestResult)[pri:0, instance:testCases.HomeLoanPageTest@49438269]" started-at="2026-05-21T15:09:44 IST" name="getResult" finished-at="2026-05-21T15:09:44 IST" duration-ms="2" status="PASS">
          <params>
            <param index="0">
              <value>
                <![CDATA[[TestResult name=testGetEMIPerMonth status=SUCCESS method=HomeLoanPageTest.testGetEMIPerMonth()[pri:2, instance:testCases.HomeLoanPageTest@49438269] output={null}]]]>
              </value>
            </param>
          </params>
          <reporter-output>
          </reporter-output>
        </test-method> <!-- getResult -->
        <test-method is-config="true" signature="homeSetUp(java.lang.reflect.Method)[pri:0, instance:testCases.HomeLoanPageTest@49438269]" started-at="2026-05-21T15:09:44 IST" name="homeSetUp" finished-at="2026-05-21T15:09:45 IST" duration-ms="1013" status="PASS">
          <params>
            <param index="0">
              <value>
                <![CDATA[public void testCases.HomeLoanPageTest.testGetPrincipalAmountPerMonth()]]>
              </value>
            </param>
          </params>
          <reporter-output>
          </reporter-output>
        </test-method> <!-- homeSetUp -->
        <test-method signature="testGetPrincipalAmountPerMonth()[pri:3, instance:testCases.HomeLoanPageTest@49438269]" started-at="2026-05-21T15:09:45 IST" name="testGetPrincipalAmountPerMonth" finished-at="2026-05-21T15:09:46 IST" duration-ms="608" status="PASS">
          <reporter-output>
          </reporter-output>
        </test-method> <!-- testGetPrincipalAmountPerMonth -->
        <test-method is-config="true" signature="getResult(org.testng.ITestResult)[pri:0, instance:testCases.HomeLoanPageTest@49438269]" started-at="2026-05-21T15:09:46 IST" name="getResult" finished-at="2026-05-21T15:09:46 IST" duration-ms="16" status="PASS">
          <params>
            <param index="0">
              <value>
                <![CDATA[[TestResult name=testGetPrincipalAmountPerMonth status=SUCCESS method=HomeLoanPageTest.testGetPrincipalAmountPerMonth()[pri:3, instance:testCases.HomeLoanPageTest@49438269] output={null}]]]>
              </value>
            </param>
          </params>
          <reporter-output>
          </reporter-output>
        </test-method> <!-- getResult -->
        <test-method is-config="true" signature="homeSetUp(java.lang.reflect.Method)[pri:0, instance:testCases.HomeLoanPageTest@49438269]" started-at="2026-05-21T15:09:46 IST" name="homeSetUp" finished-at="2026-05-21T15:09:47 IST" duration-ms="1010" status="PASS">
          <params>
            <param index="0">
              <value>
                <![CDATA[public void testCases.HomeLoanPageTest.testGetInterestAmountPerMonth()]]>
              </value>
            </param>
          </params>
          <reporter-output>
          </reporter-output>
        </test-method> <!-- homeSetUp -->
        <test-method signature="testGetInterestAmountPerMonth()[pri:4, instance:testCases.HomeLoanPageTest@49438269]" started-at="2026-05-21T15:09:47 IST" name="testGetInterestAmountPerMonth" finished-at="2026-05-21T15:09:47 IST" duration-ms="316" status="PASS">
          <reporter-output>
          </reporter-output>
        </test-method> <!-- testGetInterestAmountPerMonth -->
        <test-method is-config="true" signature="homeSetUp(java.lang.reflect.Method)[pri:0, instance:testCases.HomeLoanPageTest@49438269]" started-at="2026-05-21T15:09:47 IST" name="homeSetUp" finished-at="2026-05-21T15:09:48 IST" duration-ms="1028" status="PASS">
          <params>
            <param index="0">
              <value>
                <![CDATA[public void testCases.HomeLoanPageTest.writeHomeLoanDataToExcel() throws java.lang.Exception]]>
              </value>
            </param>
          </params>
          <reporter-output>
          </reporter-output>
        </test-method> <!-- homeSetUp -->
        <test-method is-config="true" signature="getResult(org.testng.ITestResult)[pri:0, instance:testCases.HomeLoanPageTest@49438269]" started-at="2026-05-21T15:09:47 IST" name="getResult" finished-at="2026-05-21T15:09:47 IST" duration-ms="0" status="PASS">
          <params>
            <param index="0">
              <value>
                <![CDATA[[TestResult name=testGetInterestAmountPerMonth status=SUCCESS method=HomeLoanPageTest.testGetInterestAmountPerMonth()[pri:4, instance:testCases.HomeLoanPageTest@49438269] output={null}]]]>
              </value>
            </param>
          </params>
          <reporter-output>
          </reporter-output>
        </test-method> <!-- getResult -->
        <test-method signature="writeHomeLoanDataToExcel()[pri:5, instance:testCases.HomeLoanPageTest@49438269]" started-at="2026-05-21T15:09:48 IST" name="writeHomeLoanDataToExcel" finished-at="2026-05-21T15:09:55 IST" duration-ms="6382" status="PASS">
          <reporter-output>
          </reporter-output>
        </test-method> <!-- writeHomeLoanDataToExcel -->
        <test-method is-config="true" signature="getResult(org.testng.ITestResult)[pri:0, instance:testCases.HomeLoanPageTest@49438269]" started-at="2026-05-21T15:09:55 IST" name="getResult" finished-at="2026-05-21T15:09:55 IST" duration-ms="0" status="PASS">
          <params>
            <param index="0">
              <value>
                <![CDATA[[TestResult name=writeHomeLoanDataToExcel status=SUCCESS method=HomeLoanPageTest.writeHomeLoanDataToExcel()[pri:5, instance:testCases.HomeLoanPageTest@49438269] output={null}]]]>
              </value>
            </param>
          </params>
          <reporter-output>
          </reporter-output>
        </test-method> <!-- getResult -->
        <test-method is-config="true" signature="quitBrowser()[pri:0, instance:testCases.HomeLoanPageTest@49438269]" started-at="2026-05-21T15:09:55 IST" name="quitBrowser" finished-at="2026-05-21T15:10:02 IST" duration-ms="7758" status="PASS">
          <reporter-output>
          </reporter-output>
        </test-method> <!-- quitBrowser -->
      </class> <!-- testCases.HomeLoanPageTest -->
      <class name="testCases.PersonalLoanPageTest">
        <test-method is-config="true" signature="launchBrowser()[pri:0, instance:testCases.PersonalLoanPageTest@367ffa75]" started-at="2026-05-21T15:09:13 IST" name="launchBrowser" finished-at="2026-05-21T15:09:31 IST" duration-ms="17874" status="PASS">
          <reporter-output>
          </reporter-output>
        </test-method> <!-- launchBrowser -->
        <test-method is-config="true" signature="personalLoanSetUp()[pri:0, instance:testCases.PersonalLoanPageTest@367ffa75]" started-at="2026-05-21T15:09:31 IST" name="personalLoanSetUp" finished-at="2026-05-21T15:09:31 IST" duration-ms="8" status="PASS">
          <reporter-output>
          </reporter-output>
        </test-method> <!-- personalLoanSetUp -->
        <test-method signature="clickPersonalLoanTab()[pri:1, instance:testCases.PersonalLoanPageTest@367ffa75]" started-at="2026-05-21T15:09:31 IST" name="clickPersonalLoanTab" finished-at="2026-05-21T15:09:34 IST" duration-ms="2611" status="PASS">
          <reporter-output>
          </reporter-output>
        </test-method> <!-- clickPersonalLoanTab -->
        <test-method is-config="true" signature="getResult(org.testng.ITestResult)[pri:0, instance:testCases.PersonalLoanPageTest@367ffa75]" started-at="2026-05-21T15:09:34 IST" name="getResult" finished-at="2026-05-21T15:09:34 IST" duration-ms="8" status="PASS">
          <params>
            <param index="0">
              <value>
                <![CDATA[[TestResult name=clickPersonalLoanTab status=SUCCESS method=PersonalLoanPageTest.clickPersonalLoanTab()[pri:1, instance:testCases.PersonalLoanPageTest@367ffa75] output={null}]]]>
              </value>
            </param>
          </params>
          <reporter-output>
          </reporter-output>
        </test-method> <!-- getResult -->
        <test-method is-config="true" signature="personalLoanSetUp()[pri:0, instance:testCases.PersonalLoanPageTest@367ffa75]" started-at="2026-05-21T15:09:34 IST" name="personalLoanSetUp" finished-at="2026-05-21T15:09:34 IST" duration-ms="6" status="PASS">
          <reporter-output>
          </reporter-output>
        </test-method> <!-- personalLoanSetUp -->
        <test-method signature="loanDetails()[pri:2, instance:testCases.PersonalLoanPageTest@367ffa75]" started-at="2026-05-21T15:09:34 IST" name="loanDetails" finished-at="2026-05-21T15:09:46 IST" duration-ms="12147" status="PASS">
          <reporter-output>
          </reporter-output>
        </test-method> <!-- loanDetails -->
        <test-method is-config="true" signature="getResult(org.testng.ITestResult)[pri:0, instance:testCases.PersonalLoanPageTest@367ffa75]" started-at="2026-05-21T15:09:46 IST" name="getResult" finished-at="2026-05-21T15:09:46 IST" duration-ms="0" status="PASS">
          <params>
            <param index="0">
              <value>
                <![CDATA[[TestResult name=loanDetails status=SUCCESS method=PersonalLoanPageTest.loanDetails()[pri:2, instance:testCases.PersonalLoanPageTest@367ffa75] output={null}]]]>
              </value>
            </param>
          </params>
          <reporter-output>
          </reporter-output>
        </test-method> <!-- getResult -->
        <test-method signature="testGetEMIPerMonth()[pri:3, instance:testCases.PersonalLoanPageTest@367ffa75]" started-at="2026-05-21T15:09:46 IST" name="testGetEMIPerMonth" finished-at="2026-05-21T15:09:46 IST" duration-ms="227" status="PASS">
          <reporter-output>
          </reporter-output>
        </test-method> <!-- testGetEMIPerMonth -->
        <test-method is-config="true" signature="personalLoanSetUp()[pri:0, instance:testCases.PersonalLoanPageTest@367ffa75]" started-at="2026-05-21T15:09:46 IST" name="personalLoanSetUp" finished-at="2026-05-21T15:09:46 IST" duration-ms="0" status="PASS">
          <reporter-output>
          </reporter-output>
        </test-method> <!-- personalLoanSetUp -->
        <test-method is-config="true" signature="getResult(org.testng.ITestResult)[pri:0, instance:testCases.PersonalLoanPageTest@367ffa75]" started-at="2026-05-21T15:09:46 IST" name="getResult" finished-at="2026-05-21T15:09:46 IST" duration-ms="3" status="PASS">
          <params>
            <param index="0">
              <value>
                <![CDATA[[TestResult name=testGetEMIPerMonth status=SUCCESS method=PersonalLoanPageTest.testGetEMIPerMonth()[pri:3, instance:testCases.PersonalLoanPageTest@367ffa75] output={null}]]]>
              </value>
            </param>
          </params>
          <reporter-output>
          </reporter-output>
        </test-method> <!-- getResult -->
        <test-method signature="testGetPrincipalAmountPerMonth()[pri:4, instance:testCases.PersonalLoanPageTest@367ffa75]" started-at="2026-05-21T15:09:46 IST" name="testGetPrincipalAmountPerMonth" finished-at="2026-05-21T15:09:47 IST" duration-ms="542" status="PASS">
          <reporter-output>
          </reporter-output>
        </test-method> <!-- testGetPrincipalAmountPerMonth -->
        <test-method is-config="true" signature="personalLoanSetUp()[pri:0, instance:testCases.PersonalLoanPageTest@367ffa75]" started-at="2026-05-21T15:09:46 IST" name="personalLoanSetUp" finished-at="2026-05-21T15:09:46 IST" duration-ms="0" status="PASS">
          <reporter-output>
          </reporter-output>
        </test-method> <!-- personalLoanSetUp -->
        <test-method is-config="true" signature="getResult(org.testng.ITestResult)[pri:0, instance:testCases.PersonalLoanPageTest@367ffa75]" started-at="2026-05-21T15:09:47 IST" name="getResult" finished-at="2026-05-21T15:09:47 IST" duration-ms="8" status="PASS">
          <params>
            <param index="0">
              <value>
                <![CDATA[[TestResult name=testGetPrincipalAmountPerMonth status=SUCCESS method=PersonalLoanPageTest.testGetPrincipalAmountPerMonth()[pri:4, instance:testCases.PersonalLoanPageTest@367ffa75] output={null}]]]>
              </value>
            </param>
          </params>
          <reporter-output>
          </reporter-output>
        </test-method> <!-- getResult -->
        <test-method is-config="true" signature="personalLoanSetUp()[pri:0, instance:testCases.PersonalLoanPageTest@367ffa75]" started-at="2026-05-21T15:09:47 IST" name="personalLoanSetUp" finished-at="2026-05-21T15:09:47 IST" duration-ms="16" status="PASS">
          <reporter-output>
          </reporter-output>
        </test-method> <!-- personalLoanSetUp -->
        <test-method signature="testGetInterestAmountPerMonth()[pri:5, instance:testCases.PersonalLoanPageTest@367ffa75]" started-at="2026-05-21T15:09:47 IST" name="testGetInterestAmountPerMonth" finished-at="2026-05-21T15:09:50 IST" duration-ms="3355" status="PASS">
          <reporter-output>
          </reporter-output>
        </test-method> <!-- testGetInterestAmountPerMonth -->
        <test-method is-config="true" signature="getResult(org.testng.ITestResult)[pri:0, instance:testCases.PersonalLoanPageTest@367ffa75]" started-at="2026-05-21T15:09:50 IST" name="getResult" finished-at="2026-05-21T15:09:50 IST" duration-ms="11" status="PASS">
          <params>
            <param index="0">
              <value>
                <![CDATA[[TestResult name=testGetInterestAmountPerMonth status=SUCCESS method=PersonalLoanPageTest.testGetInterestAmountPerMonth()[pri:5, instance:testCases.PersonalLoanPageTest@367ffa75] output={null}]]]>
              </value>
            </param>
          </params>
          <reporter-output>
          </reporter-output>
        </test-method> <!-- getResult -->
        <test-method is-config="true" signature="personalLoanSetUp()[pri:0, instance:testCases.PersonalLoanPageTest@367ffa75]" started-at="2026-05-21T15:09:50 IST" name="personalLoanSetUp" finished-at="2026-05-21T15:09:50 IST" duration-ms="2" status="PASS">
          <reporter-output>
          </reporter-output>
        </test-method> <!-- personalLoanSetUp -->
        <test-method signature="writeHomeLoanDataToExcel()[pri:5, instance:testCases.PersonalLoanPageTest@367ffa75]" started-at="2026-05-21T15:09:50 IST" name="writeHomeLoanDataToExcel" finished-at="2026-05-21T15:09:55 IST" duration-ms="4272" status="PASS">
          <reporter-output>
          </reporter-output>
        </test-method> <!-- writeHomeLoanDataToExcel -->
        <test-method is-config="true" signature="quitBrowser()[pri:0, instance:testCases.PersonalLoanPageTest@367ffa75]" started-at="2026-05-21T15:09:55 IST" name="quitBrowser" finished-at="2026-05-21T15:10:02 IST" duration-ms="7593" status="PASS">
          <reporter-output>
          </reporter-output>
        </test-method> <!-- quitBrowser -->
        <test-method is-config="true" signature="getResult(org.testng.ITestResult)[pri:0, instance:testCases.PersonalLoanPageTest@367ffa75]" started-at="2026-05-21T15:09:55 IST" name="getResult" finished-at="2026-05-21T15:09:55 IST" duration-ms="0" status="PASS">
          <params>
            <param index="0">
              <value>
                <![CDATA[[TestResult name=writeHomeLoanDataToExcel status=SUCCESS method=PersonalLoanPageTest.writeHomeLoanDataToExcel()[pri:5, instance:testCases.PersonalLoanPageTest@367ffa75] output={null}]]]>
              </value>
            </param>
          </params>
          <reporter-output>
          </reporter-output>
        </test-method> <!-- getResult -->
      </class> <!-- testCases.PersonalLoanPageTest -->
      <class name="testCases.HomePageTest">
        <test-method is-config="true" signature="startReport()[pri:0, instance:testCases.HomePageTest@4e08711f]" started-at="2026-05-21T15:09:13 IST" name="startReport" finished-at="2026-05-21T15:09:13 IST" duration-ms="369" status="PASS">
          <reporter-output>
          </reporter-output>
        </test-method> <!-- startReport -->
        <test-method is-config="true" signature="launchBrowser()[pri:0, instance:testCases.HomePageTest@4e08711f]" started-at="2026-05-21T15:09:13 IST" name="launchBrowser" finished-at="2026-05-21T15:09:24 IST" duration-ms="10442" status="PASS">
          <reporter-output>
          </reporter-output>
        </test-method> <!-- launchBrowser -->
        <test-method is-config="true" signature="setup()[pri:0, instance:testCases.HomePageTest@4e08711f]" started-at="2026-05-21T15:09:24 IST" name="setup" finished-at="2026-05-21T15:09:24 IST" duration-ms="96" status="PASS">
          <reporter-output>
          </reporter-output>
        </test-method> <!-- setup -->
        <test-method signature="verifyHomePageLoads()[pri:0, instance:testCases.HomePageTest@4e08711f]" started-at="2026-05-21T15:09:24 IST" name="verifyHomePageLoads" finished-at="2026-05-21T15:09:29 IST" duration-ms="5445" status="PASS">
          <reporter-output>
          </reporter-output>
        </test-method> <!-- verifyHomePageLoads -->
        <test-method is-config="true" signature="getResult(org.testng.ITestResult)[pri:0, instance:testCases.HomePageTest@4e08711f]" started-at="2026-05-21T15:09:29 IST" name="getResult" finished-at="2026-05-21T15:09:29 IST" duration-ms="2" status="PASS">
          <params>
            <param index="0">
              <value>
                <![CDATA[[TestResult name=verifyHomePageLoads status=SUCCESS method=HomePageTest.verifyHomePageLoads()[pri:0, instance:testCases.HomePageTest@4e08711f] output={null}]]]>
              </value>
            </param>
          </params>
          <reporter-output>
          </reporter-output>
        </test-method> <!-- getResult -->
        <test-method is-config="true" signature="setup()[pri:0, instance:testCases.HomePageTest@4e08711f]" started-at="2026-05-21T15:09:29 IST" name="setup" finished-at="2026-05-21T15:09:29 IST" duration-ms="3" status="PASS">
          <reporter-output>
          </reporter-output>
        </test-method> <!-- setup -->
        <test-method signature="verifyUIElements()[pri:1, instance:testCases.HomePageTest@4e08711f]" started-at="2026-05-21T15:09:29 IST" name="verifyUIElements" finished-at="2026-05-21T15:09:30 IST" duration-ms="287" status="PASS">
          <reporter-output>
          </reporter-output>
        </test-method> <!-- verifyUIElements -->
        <test-method is-config="true" signature="getResult(org.testng.ITestResult)[pri:0, instance:testCases.HomePageTest@4e08711f]" started-at="2026-05-21T15:09:30 IST" name="getResult" finished-at="2026-05-21T15:09:30 IST" duration-ms="8" status="PASS">
          <params>
            <param index="0">
              <value>
                <![CDATA[[TestResult name=verifyUIElements status=SUCCESS method=HomePageTest.verifyUIElements()[pri:1, instance:testCases.HomePageTest@4e08711f] output={null}]]]>
              </value>
            </param>
          </params>
          <reporter-output>
          </reporter-output>
        </test-method> <!-- getResult -->
        <test-method is-config="true" signature="setup()[pri:0, instance:testCases.HomePageTest@4e08711f]" started-at="2026-05-21T15:09:30 IST" name="setup" finished-at="2026-05-21T15:09:30 IST" duration-ms="7" status="PASS">
          <reporter-output>
          </reporter-output>
        </test-method> <!-- setup -->
        <test-method signature="verifyCarLoanTab()[pri:2, instance:testCases.HomePageTest@4e08711f]" started-at="2026-05-21T15:09:30 IST" name="verifyCarLoanTab" finished-at="2026-05-21T15:09:31 IST" duration-ms="902" status="PASS">
          <reporter-output>
          </reporter-output>
        </test-method> <!-- verifyCarLoanTab -->
        <test-method signature="verifyPersonalLoanTab()[pri:3, instance:testCases.HomePageTest@4e08711f]" started-at="2026-05-21T15:09:31 IST" name="verifyPersonalLoanTab" finished-at="2026-05-21T15:09:31 IST" duration-ms="599" status="PASS">
          <reporter-output>
          </reporter-output>
        </test-method> <!-- verifyPersonalLoanTab -->
        <test-method is-config="true" signature="getResult(org.testng.ITestResult)[pri:0, instance:testCases.HomePageTest@4e08711f]" started-at="2026-05-21T15:09:31 IST" name="getResult" finished-at="2026-05-21T15:09:31 IST" duration-ms="0" status="PASS">
          <params>
            <param index="0">
              <value>
                <![CDATA[[TestResult name=verifyCarLoanTab status=SUCCESS method=HomePageTest.verifyCarLoanTab()[pri:2, instance:testCases.HomePageTest@4e08711f] output={null}]]]>
              </value>
            </param>
          </params>
          <reporter-output>
          </reporter-output>
        </test-method> <!-- getResult -->
        <test-method is-config="true" signature="setup()[pri:0, instance:testCases.HomePageTest@4e08711f]" started-at="2026-05-21T15:09:31 IST" name="setup" finished-at="2026-05-21T15:09:31 IST" duration-ms="0" status="PASS">
          <reporter-output>
          </reporter-output>
        </test-method> <!-- setup -->
        <test-method is-config="true" signature="getResult(org.testng.ITestResult)[pri:0, instance:testCases.HomePageTest@4e08711f]" started-at="2026-05-21T15:09:31 IST" name="getResult" finished-at="2026-05-21T15:09:31 IST" duration-ms="6" status="PASS">
          <params>
            <param index="0">
              <value>
                <![CDATA[[TestResult name=verifyPersonalLoanTab status=SUCCESS method=HomePageTest.verifyPersonalLoanTab()[pri:3, instance:testCases.HomePageTest@4e08711f] output={null}]]]>
              </value>
            </param>
          </params>
          <reporter-output>
          </reporter-output>
        </test-method> <!-- getResult -->
        <test-method is-config="true" signature="setup()[pri:0, instance:testCases.HomePageTest@4e08711f]" started-at="2026-05-21T15:09:31 IST" name="setup" finished-at="2026-05-21T15:09:31 IST" duration-ms="2" status="PASS">
          <reporter-output>
          </reporter-output>
        </test-method> <!-- setup -->
        <test-method signature="verifyChartVisible()[pri:4, instance:testCases.HomePageTest@4e08711f]" started-at="2026-05-21T15:09:31 IST" name="verifyChartVisible" finished-at="2026-05-21T15:09:31 IST" duration-ms="94" status="PASS">
          <reporter-output>
          </reporter-output>
        </test-method> <!-- verifyChartVisible -->
        <test-method is-config="true" signature="getResult(org.testng.ITestResult)[pri:0, instance:testCases.HomePageTest@4e08711f]" started-at="2026-05-21T15:09:31 IST" name="getResult" finished-at="2026-05-21T15:09:31 IST" duration-ms="0" status="PASS">
          <params>
            <param index="0">
              <value>
                <![CDATA[[TestResult name=verifyChartVisible status=SUCCESS method=HomePageTest.verifyChartVisible()[pri:4, instance:testCases.HomePageTest@4e08711f] output={null}]]]>
              </value>
            </param>
          </params>
          <reporter-output>
          </reporter-output>
        </test-method> <!-- getResult -->
        <test-method signature="verifyBarChartVisible()[pri:5, instance:testCases.HomePageTest@4e08711f]" started-at="2026-05-21T15:09:31 IST" name="verifyBarChartVisible" finished-at="2026-05-21T15:09:31 IST" duration-ms="127" status="PASS">
          <reporter-output>
          </reporter-output>
        </test-method> <!-- verifyBarChartVisible -->
        <test-method is-config="true" signature="setup()[pri:0, instance:testCases.HomePageTest@4e08711f]" started-at="2026-05-21T15:09:31 IST" name="setup" finished-at="2026-05-21T15:09:31 IST" duration-ms="0" status="PASS">
          <reporter-output>
          </reporter-output>
        </test-method> <!-- setup -->
        <test-method is-config="true" signature="getResult(org.testng.ITestResult)[pri:0, instance:testCases.HomePageTest@4e08711f]" started-at="2026-05-21T15:09:31 IST" name="getResult" finished-at="2026-05-21T15:09:31 IST" duration-ms="0" status="PASS">
          <params>
            <param index="0">
              <value>
                <![CDATA[[TestResult name=verifyBarChartVisible status=SUCCESS method=HomePageTest.verifyBarChartVisible()[pri:5, instance:testCases.HomePageTest@4e08711f] output={null}]]]>
              </value>
            </param>
          </params>
          <reporter-output>
          </reporter-output>
        </test-method> <!-- getResult -->
        <test-method is-config="true" signature="quitBrowser()[pri:0, instance:testCases.HomePageTest@4e08711f]" started-at="2026-05-21T15:09:31 IST" name="quitBrowser" finished-at="2026-05-21T15:09:55 IST" duration-ms="23175" status="PASS">
          <reporter-output>
          </reporter-output>
        </test-method> <!-- quitBrowser -->
        <test-method is-config="true" signature="endReport()[pri:0, instance:testCases.HomePageTest@4e08711f]" started-at="2026-05-21T15:10:09 IST" name="endReport" finished-at="2026-05-21T15:10:10 IST" duration-ms="675" status="PASS">
          <reporter-output>
          </reporter-output>
        </test-method> <!-- endReport -->
      </class> <!-- testCases.HomePageTest -->
    </test> <!-- ParallelTests -->
  </suite> <!-- Suite -->
</testng-results>
