<?xml version="1.0" encoding="UTF-8"?>
<!-- Generated by org.testng.reporters.JUnitReportReporter -->
<testsuite hostname="LTIN683038" failures="0" tests="6" name="testCases.PersonalLoanPageTest" time="14.627" errors="0" timestamp="2026-05-26T09:48:53 IST" skipped="0">
  <testcase classname="testCases.PersonalLoanPageTest" name="clickPersonalLoanTab" time="2.310"/>
  <testcase classname="testCases.PersonalLoanPageTest" name="loanDetails" time="7.293"/>
  <testcase classname="testCases.PersonalLoanPageTest" name="testGetEMIPerMonth" time="0.132"/>
  <testcase classname="testCases.PersonalLoanPageTest" name="testGetPrincipalAmountPerMonth" time="0.253"/>
  <testcase classname="testCases.PersonalLoanPageTest" name="testGetInterestAmountPerMonth" time="1.401"/>
  <testcase classname="testCases.PersonalLoanPageTest" name="writePersonalLoanDataToExcel" time="3.238"/>
</testsuite> <!-- testCases.PersonalLoanPageTest -->
