<?xml version="1.0" encoding="UTF-8"?>
<!-- Generated by org.testng.reporters.JUnitReportReporter -->
<testsuite hostname="LTIN683038" failures="0" tests="8" name="TestCases.PersonalLoanTest" time="16.080" errors="0" timestamp="2026-05-21T10:38:39 IST" skipped="0">
  <testcase classname="TestCases.PersonalLoanTest" name="personalLoanSetUp" time="0.248"/>
  <testcase classname="TestCases.PersonalLoanTest" name="clickPersonalLoanTab" time="3.356"/>
  <testcase classname="TestCases.PersonalLoanTest" name="loanAmount" time="2.994"/>
  <testcase classname="TestCases.PersonalLoanTest" name="interestRate" time="2.576"/>
  <testcase classname="TestCases.PersonalLoanTest" name="loanTenure" time="2.737"/>
  <testcase classname="TestCases.PersonalLoanTest" name="testGetEMIPerMonth" time="0.232"/>
  <testcase classname="TestCases.PersonalLoanTest" name="testGetPrincipalAmountPerMonth" time="0.890"/>
  <testcase classname="TestCases.PersonalLoanTest" name="testGetInterestAmountPerMonth" time="3.047"/>
</testsuite> <!-- TestCases.PersonalLoanTest -->
