<?xml version="1.0" encoding="UTF-8"?>
<!-- Generated by org.testng.reporters.JUnitReportReporter -->
<testsuite hostname="LTIN683038" failures="0" tests="6" name="TestCases.CarLoanTestingPage" time="26.295" errors="0" timestamp="2026-05-21T10:38:39 IST" skipped="0">
  <testcase classname="TestCases.CarLoanTestingPage" name="clickCarLoanTest" time="1.627"/>
  <testcase classname="TestCases.CarLoanTestingPage" name="carLoanTest" time="11.437"/>
  <testcase classname="TestCases.CarLoanTestingPage" name="clickAdvance" time="2.237"/>
  <testcase classname="TestCases.CarLoanTestingPage" name="advanceLoan" time="4.839"/>
  <testcase classname="TestCases.CarLoanTestingPage" name="clickArrears" time="2.252"/>
  <testcase classname="TestCases.CarLoanTestingPage" name="arrearLoan" time="3.903"/>
</testsuite> <!-- TestCases.CarLoanTestingPage -->
