<?xml version="1.0" encoding="UTF-8"?>
<!-- Generated by org.testng.reporters.JUnitReportReporter -->
<testsuite hostname="LTIN683567" failures="0" tests="7" name="TestCases.HomePageTest" time="0.782" errors="0" timestamp="2026-05-21T11:45:22 IST" skipped="0">
  <testcase classname="TestCases.HomePageTest" name="init" time="0.034"/>
  <testcase classname="TestCases.HomePageTest" name="verifyHomePageLoads" time="0.028"/>
  <testcase classname="TestCases.HomePageTest" name="verifyUIElements" time="0.126"/>
  <testcase classname="TestCases.HomePageTest" name="verifyCarLoanTab" time="0.326"/>
  <testcase classname="TestCases.HomePageTest" name="verifyPersonalLoanTab" time="0.208"/>
  <testcase classname="TestCases.HomePageTest" name="verifyChartVisible" time="0.022"/>
  <testcase classname="TestCases.HomePageTest" name="verifyBarChartVisible" time="0.038"/>
</testsuite> <!-- TestCases.HomePageTest -->
