<?xml version="1.0" encoding="UTF-8"?>
<!-- Generated by org.testng.reporters.JUnitReportReporter -->
<testsuite hostname="LTIN683567" failures="0" tests="7" name="testCases.CarLoanPageTest" time="31.210" errors="0" timestamp="2026-05-21T15:10:10 IST" skipped="0">
  <testcase classname="testCases.CarLoanPageTest" name="clickCarLoanTest" time="1.514"/>
  <testcase classname="testCases.CarLoanPageTest" name="carLoanTest" time="10.975"/>
  <testcase classname="testCases.CarLoanPageTest" name="clickAdvance" time="2.245"/>
  <testcase classname="testCases.CarLoanPageTest" name="advanceLoan" time="5.457"/>
  <testcase classname="testCases.CarLoanPageTest" name="clickArrears" time="2.307"/>
  <testcase classname="testCases.CarLoanPageTest" name="arrearLoan" time="3.875"/>
  <testcase classname="testCases.CarLoanPageTest" name="writeCarLoanDataToExcel" time="4.837"/>
</testsuite> <!-- testCases.CarLoanPageTest -->
