<?xml version="1.0" encoding="UTF-8"?>
<!-- Generated by org.testng.reporters.JUnitReportReporter -->
<testsuite hostname="LTIN683567" failures="0" tests="6" name="TestCases.CarLoanTestingPage" time="24.098" errors="0" timestamp="2026-05-21T11:45:22 IST" skipped="0">
  <testcase classname="TestCases.CarLoanTestingPage" name="clickCarLoanTest" time="1.217"/>
  <testcase classname="TestCases.CarLoanTestingPage" name="carLoanTest" time="10.646"/>
  <testcase classname="TestCases.CarLoanTestingPage" name="clickAdvance" time="2.116"/>
  <testcase classname="TestCases.CarLoanTestingPage" name="advanceLoan" time="4.429"/>
  <testcase classname="TestCases.CarLoanTestingPage" name="clickArrears" time="2.154"/>
  <testcase classname="TestCases.CarLoanTestingPage" name="arrearLoan" time="3.536"/>
</testsuite> <!-- TestCases.CarLoanTestingPage -->
