<?xml version="1.0" encoding="UTF-8"?>
<!-- Generated by org.testng.reporters.JUnitReportReporter -->
<testsuite hostname="LTIN683038" failures="0" tests="5" name="testCases.HomeLoanPageTest" time="23.460" errors="0" timestamp="2026-05-26T09:48:53 IST" skipped="0">
  <testcase classname="testCases.HomeLoanPageTest" name="loanDetails" time="11.190"/>
  <testcase classname="testCases.HomeLoanPageTest" name="testGetEMIPerMonth" time="2.132"/>
  <testcase classname="testCases.HomeLoanPageTest" name="testGetPrincipalAmountPerMonth" time="2.408"/>
  <testcase classname="testCases.HomeLoanPageTest" name="testGetInterestAmountPerMonth" time="2.110"/>
  <testcase classname="testCases.HomeLoanPageTest" name="writeHomeLoanDataToExcel" time="5.620"/>
</testsuite> <!-- testCases.HomeLoanPageTest -->
