<?xml version="1.0" encoding="UTF-8"?>
<!-- Generated by org.testng.reporters.JUnitReportReporter -->
<testsuite hostname="LTIN683038" failures="0" tests="6" name="testCases.HomePageTest" time="1.406" errors="0" timestamp="2026-05-26T09:48:53 IST" skipped="0">
  <testcase classname="testCases.HomePageTest" name="verifyHomePageLoads" time="0.096"/>
  <testcase classname="testCases.HomePageTest" name="verifyUIElements" time="0.223"/>
  <testcase classname="testCases.HomePageTest" name="verifyCarLoanTab" time="0.498"/>
  <testcase classname="testCases.HomePageTest" name="verifyPersonalLoanTab" time="0.382"/>
  <testcase classname="testCases.HomePageTest" name="verifyPieChartVisible" time="0.140"/>
  <testcase classname="testCases.HomePageTest" name="verifyBarChartVisible" time="0.067"/>
</testsuite> <!-- testCases.HomePageTest -->
