<?xml version="1.0" encoding="UTF-8"?>
<!-- Generated by org.testng.reporters.JUnitReportReporter -->
<testsuite hostname="LTIN683038" failures="0" tests="7" name="TestCases.HomePageTest" time="2.320" errors="0" timestamp="2026-05-21T10:38:39 IST" skipped="0">
  <testcase classname="TestCases.HomePageTest" name="init" time="0.012"/>
  <testcase classname="TestCases.HomePageTest" name="verifyHomePageLoads" time="0.042"/>
  <testcase classname="TestCases.HomePageTest" name="verifyUIElements" time="0.355"/>
  <testcase classname="TestCases.HomePageTest" name="verifyCarLoanTab" time="0.826"/>
  <testcase classname="TestCases.HomePageTest" name="verifyPersonalLoanTab" time="0.824"/>
  <testcase classname="TestCases.HomePageTest" name="verifyChartVisible" time="0.138"/>
  <testcase classname="TestCases.HomePageTest" name="verifyBarChartVisible" time="0.123"/>
</testsuite> <!-- TestCases.HomePageTest -->
