<?xml version="1.0" encoding="UTF-8"?>
<!-- Generated by org.testng.reporters.JUnitReportReporter -->
<testsuite hostname="LTIN683567" failures="0" tests="6" name="testCases.PersonalLoanPageTest" time="23.216" errors="0" timestamp="2026-05-21T15:10:10 IST" skipped="0">
  <testcase classname="testCases.PersonalLoanPageTest" name="clickPersonalLoanTab" time="2.611"/>
  <testcase classname="testCases.PersonalLoanPageTest" name="loanDetails" time="12.155"/>
  <testcase classname="testCases.PersonalLoanPageTest" name="testGetEMIPerMonth" time="0.251"/>
  <testcase classname="testCases.PersonalLoanPageTest" name="testGetPrincipalAmountPerMonth" time="0.545"/>
  <testcase classname="testCases.PersonalLoanPageTest" name="testGetInterestAmountPerMonth" time="3.368"/>
  <testcase classname="testCases.PersonalLoanPageTest" name="writeHomeLoanDataToExcel" time="4.286"/>
</testsuite> <!-- testCases.PersonalLoanPageTest -->
