<?xml version="1.0" encoding="UTF-8"?>
<!-- Generated by org.testng.reporters.JUnitReportReporter -->
<testsuite hostname="LTIN683567" failures="0" tests="8" name="TestCases.PersonalLoanTest" time="10.860" errors="0" timestamp="2026-05-21T11:45:22 IST" skipped="0">
  <testcase classname="TestCases.PersonalLoanTest" name="personalLoanSetUp" time="0.046"/>
  <testcase classname="TestCases.PersonalLoanTest" name="clickPersonalLoanTab" time="2.255"/>
  <testcase classname="TestCases.PersonalLoanTest" name="loanAmount" time="2.434"/>
  <testcase classname="TestCases.PersonalLoanTest" name="interestRate" time="2.342"/>
  <testcase classname="TestCases.PersonalLoanTest" name="loanTenure" time="2.305"/>
  <testcase classname="TestCases.PersonalLoanTest" name="testGetEMIPerMonth" time="0.144"/>
  <testcase classname="TestCases.PersonalLoanTest" name="testGetPrincipalAmountPerMonth" time="0.366"/>
  <testcase classname="TestCases.PersonalLoanTest" name="testGetInterestAmountPerMonth" time="0.968"/>
</testsuite> <!-- TestCases.PersonalLoanTest -->
